Store initialized.
Server listening on port 50051...
New Session Created: c4fa6b64a58192d91611944d58943bbb
[c4fa6b64a58192d91611944d58943bbb] DKGStep1: Received PubPackage from 0000000000000000000000000000000000000000000000000000000000000001
[c4fa6b64a58192d91611944d58943bbb] Server: Generating DKG secrets...
[c4fa6b64a58192d91611944d58943bbb] DKGStep1: Received PubPackage from 0000000000000000000000000000000000000000000000000000000000000002
[c4fa6b64a58192d91611944d58943bbb] DKGStep2: Server computing shares...
[c4fa6b64a58192d91611944d58943bbb] DKGStep3: Received Shares from 0000000000000000000000000000000000000000000000000000000000000001
[c4fa6b64a58192d91611944d58943bbb] DKGStep3: Received Shares from 0000000000000000000000000000000000000000000000000000000000000002
[c4fa6b64a58192d91611944d58943bbb] DKGStep3: Server computing KeyPackage...
[Server] DKG1 Pkg for 1: Coeff[0]=84554568856427491539086327736077690565595524847545344574806350036852309286003 3639262230313653404870933542821477103123418479353088089383625880495836555381
[Server] DKG1 Pkg for 2: Coeff[0]=83817956415405802949250938209694291282886104837289483229692424549118789291432 101658580778174363444803263209677450392075580541551904705960211103035141263945
[Server] DKG1 Pkg for 3: Coeff[0]=52773828045854160960635747053036392125827205180370537553195469681083860730032 71665648126182330150470165942486956059786751480994755109365736880572980266316
[c4fa6b64a58192d91611944d58943bbb] DKG Complete. PK: (51700516938043315549872247413762915220484254700118211642396043203900050212838,82243457952869924632615338838994326583329614110355748635638496434499864252512)
[c4fa6b64a58192d91611944d58943bbb] SignStep1: Received from 0000000000000000000000000000000000000000000000000000000000000002
[c4fa6b64a58192d91611944d58943bbb] SignStep1: Server generating commitments...
[c4fa6b64a58192d91611944d58943bbb] SignStep2: Received from 0000000000000000000000000000000000000000000000000000000000000002
[c4fa6b64a58192d91611944d58943bbb] SignStep2: Server computing share...
DEBUG: Share for ID 2 VALID
DEBUG: Share for ID 3 VALID
[c4fa6b64a58192d91611944d58943bbb] SignStep2: Aggregated.
DEBUG: Z: 97798706490068205164830186123928535346161991724849289997915283690685892407847
DEBUG: R: 20195535449264459235885161806705932087413353144390370468441369461828941939984 50504942968493797288298505855434231559279524591665279468843832793019880094874
New Session Created: a02a1303ebc5bcd1f456acc70af266af
[a02a1303ebc5bcd1f456acc70af266af] DKGStep1: Received PubPackage from 0000000000000000000000000000000000000000000000000000000000000001
[a02a1303ebc5bcd1f456acc70af266af] Server: Generating DKG secrets...
[a02a1303ebc5bcd1f456acc70af266af] DKGStep1: Received PubPackage from 0000000000000000000000000000000000000000000000000000000000000002
[a02a1303ebc5bcd1f456acc70af266af] DKGStep2: Server computing shares...
[a02a1303ebc5bcd1f456acc70af266af] DKGStep3: Received Shares from 0000000000000000000000000000000000000000000000000000000000000001
[a02a1303ebc5bcd1f456acc70af266af] DKGStep3: Received Shares from 0000000000000000000000000000000000000000000000000000000000000002
[a02a1303ebc5bcd1f456acc70af266af] DKGStep3: Server computing KeyPackage...
[Server] DKG1 Pkg for 1: Coeff[0]=55534502511183309324536901003282757994510829368611402007739348402323662170930 97961204160324811784296545914460481435144586809564282255537438064064153188285
[Server] DKG1 Pkg for 2: Coeff[0]=91366225241897166967816947520256112687530990483268808376839864543098273480389 33090253575519141987856139699922399309441796201053636225251088999381043100660
[Server] DKG1 Pkg for 3: Coeff[0]=64450944654970600945877543829939485692885558895286322802269725015012043492720 14586117167664022679721907223165605781038527762606357914792332003815737056624
[a02a1303ebc5bcd1f456acc70af266af] DKG Complete. PK: (49307602867165238042230049777640652575634547385231987438297865223602392903337,97957547841092610530711240778514549401232709756910974898740945112959791565619)
[a02a1303ebc5bcd1f456acc70af266af] SignStep1: Received from 0000000000000000000000000000000000000000000000000000000000000002
[a02a1303ebc5bcd1f456acc70af266af] SignStep1: Server generating commitments...
[a02a1303ebc5bcd1f456acc70af266af] SignStep2: Received from 0000000000000000000000000000000000000000000000000000000000000002
[a02a1303ebc5bcd1f456acc70af266af] SignStep2: Server computing share...
DEBUG: Share for ID 2 VALID
DEBUG: Share for ID 3 VALID
[a02a1303ebc5bcd1f456acc70af266af] SignStep2: Aggregated.
DEBUG: Z: 25354081657332035016621760721752736897184540694468814993041676468716893520375
DEBUG: R: 22450720087366033816952152593172972964044171631399612883762561043462678544552 68876048253203303122147740452878005406479896473902530320904111296366492108533
New Session Created: 9e2ab4e542dee840ce7752a0c5c440a1
[9e2ab4e542dee840ce7752a0c5c440a1] DKGStep1: Received PubPackage from 0000000000000000000000000000000000000000000000000000000000000001
[9e2ab4e542dee840ce7752a0c5c440a1] Server: Generating DKG secrets...
[9e2ab4e542dee840ce7752a0c5c440a1] DKGStep1: Received PubPackage from 0000000000000000000000000000000000000000000000000000000000000002
[9e2ab4e542dee840ce7752a0c5c440a1] DKGStep2: Server computing shares...
[9e2ab4e542dee840ce7752a0c5c440a1] DKGStep3: Received Shares from 0000000000000000000000000000000000000000000000000000000000000001
[9e2ab4e542dee840ce7752a0c5c440a1] DKGStep3: Received Shares from 0000000000000000000000000000000000000000000000000000000000000002
[9e2ab4e542dee840ce7752a0c5c440a1] DKGStep3: Server computing KeyPackage...
[Server] DKG1 Pkg for 1: Coeff[0]=20360161183612026472352421269996133078199990512226921548035676136651154580883 94905156416396433815645030929834312907199220253323454065558512636079668381834
[Server] DKG1 Pkg for 2: Coeff[0]=41224958281416804791937396755347872039979812758705380797150892252333587622724 73994611087289101608507198273001272924854818226679459623565137205205689138844
[Server] DKG1 Pkg for 3: Coeff[0]=15089356749007790820548485480209259006635773983203209961023078129902290992081 106621821073864433999149761153548233288529279997089861283092179729204071751743
[9e2ab4e542dee840ce7752a0c5c440a1] DKG Complete. PK: (75579111285431057730271941893027019601247148124838363030250337910360625246448,25189739997374151068082143133557902875121297652817390871635909822707778152174)
[9e2ab4e542dee840ce7752a0c5c440a1] SignStep1: Received from 0000000000000000000000000000000000000000000000000000000000000002
[9e2ab4e542dee840ce7752a0c5c440a1] SignStep1: Server generating commitments...
[9e2ab4e542dee840ce7752a0c5c440a1] SignStep2: Received from 0000000000000000000000000000000000000000000000000000000000000002
[9e2ab4e542dee840ce7752a0c5c440a1] SignStep2: Server computing share...
DEBUG: Share for ID 2 VALID
DEBUG: Share for ID 3 VALID
[9e2ab4e542dee840ce7752a0c5c440a1] SignStep2: Aggregated.
DEBUG: Z: 66715673269848250931232467845437045260026198324630644158567092467034883817621
DEBUG: R: 113515779693381880350621704778579785597318182838868266347406572537914068864690 98114687898362932671981049513752235682073667060729242875195542915690160305974
New Session Created: 8a7422600a5b9be87290ae669d9ee711
[8a7422600a5b9be87290ae669d9ee711] DKGStep1: Received PubPackage from 0000000000000000000000000000000000000000000000000000000000000001
[8a7422600a5b9be87290ae669d9ee711] Server: Generating DKG secrets...
[8a7422600a5b9be87290ae669d9ee711] DKGStep1: Received PubPackage from 0000000000000000000000000000000000000000000000000000000000000002
[8a7422600a5b9be87290ae669d9ee711] DKGStep2: Server computing shares...
[8a7422600a5b9be87290ae669d9ee711] DKGStep3: Received Shares from 0000000000000000000000000000000000000000000000000000000000000001
[8a7422600a5b9be87290ae669d9ee711] DKGStep3: Received Shares from 0000000000000000000000000000000000000000000000000000000000000002
[8a7422600a5b9be87290ae669d9ee711] DKGStep3: Server computing KeyPackage...
[Server] DKG1 Pkg for 1: Coeff[0]=63817504406896216205752152184340719502504291977770945087846550120271526561980 82828347539592598820503349389838973526118466409470902212846654950586265201071
[Server] DKG1 Pkg for 2: Coeff[0]=69402140125959747832576657795828849927318196017383484517494208323362682607283 267075320337327073040210227902700241985400805768450343798191502220908189891
[Server] DKG1 Pkg for 3: Coeff[0]=68994606587279498958907079069142826187772885984703391098506334431360256138971 21462354871806469209769298423605484564880317875448234789135117725344614626669
[8a7422600a5b9be87290ae669d9ee711] DKG Complete. PK: (93595027736297852349876163834613918912012257248562309173373936672126696685506,54698510123261037027150869035649045430277074976493855172987752933908654070118)
[8a7422600a5b9be87290ae669d9ee711] SignStep1: Received from 0000000000000000000000000000000000000000000000000000000000000002
[8a7422600a5b9be87290ae669d9ee711] SignStep1: Server generating commitments...
[8a7422600a5b9be87290ae669d9ee711] SignStep2: Received from 0000000000000000000000000000000000000000000000000000000000000002
[8a7422600a5b9be87290ae669d9ee711] SignStep2: Server computing share...
DEBUG: Share for ID 2 VALID
DEBUG: Share for ID 3 VALID
[8a7422600a5b9be87290ae669d9ee711] SignStep2: Aggregated.
DEBUG: Z: 18895817764648221215166678354178489934877386488943817134765848286441761370364
DEBUG: R: 40101955270571175936397860733538047385948931736723702979782504391053315334727 46326546200799577547547049333610643743051256845344927870343933359531832396556
New Session Created: e1690717ec7818622840a0080600de05
[e1690717ec7818622840a0080600de05] DKGStep1: Received PubPackage from 0000000000000000000000000000000000000000000000000000000000000001
[e1690717ec7818622840a0080600de05] Server: Generating DKG secrets...
[e1690717ec7818622840a0080600de05] DKGStep1: Received PubPackage from 0000000000000000000000000000000000000000000000000000000000000002
[e1690717ec7818622840a0080600de05] DKGStep2: Server computing shares...
[e1690717ec7818622840a0080600de05] DKGStep3: Received Shares from 0000000000000000000000000000000000000000000000000000000000000001
[e1690717ec7818622840a0080600de05] DKGStep3: Received Shares from 0000000000000000000000000000000000000000000000000000000000000002
[e1690717ec7818622840a0080600de05] DKGStep3: Server computing KeyPackage...
[Server] DKG1 Pkg for 1: Coeff[0]=39327516610067746403336617301386029478419920248345953198644570176899043814639 100548310082737516659870380781831978705331299725511389017718414674917515293800
[Server] DKG1 Pkg for 2: Coeff[0]=97922382971527817797686793032096670766647691629289860038761777920345647104339 113801941793953050221550403367080414902372440101975146100590219896613781242303
[Server] DKG1 Pkg for 3: Coeff[0]=52183628699637450128103415486068876959455613101753629261963086799828325171269 86301171286266996643861368110012358469459496837041615103081033685282267007099
[e1690717ec7818622840a0080600de05] DKG Complete. PK: (95698541913257544199873907342065359373662406298444148120932518147217606459680,72180599750105618748609809974655044734194262590667230409686493324213659285229)
[e1690717ec7818622840a0080600de05] SignStep1: Received from 0000000000000000000000000000000000000000000000000000000000000002
[e1690717ec7818622840a0080600de05] SignStep1: Server generating commitments...
[e1690717ec7818622840a0080600de05] SignStep2: Received from 0000000000000000000000000000000000000000000000000000000000000002
[e1690717ec7818622840a0080600de05] SignStep2: Server computing share...
DEBUG: Share for ID 2 VALID
DEBUG: Share for ID 3 VALID
[e1690717ec7818622840a0080600de05] SignStep2: Aggregated.
DEBUG: Z: 103023112769343664410165876149185736922301247730881904344213580092263311627174
DEBUG: R: 22285366321590469053888053075445943274139998351403792842041195672336692241125 23311755261294617699664507900228215554829613334663613499713837038741690694823
New Session Created: c582f103d30ca7de75a54736f3e7093a
[c582f103d30ca7de75a54736f3e7093a] DKGStep1: Received PubPackage from 0000000000000000000000000000000000000000000000000000000000000001
[c582f103d30ca7de75a54736f3e7093a] Server: Generating DKG secrets...
[c582f103d30ca7de75a54736f3e7093a] DKGStep1: Received PubPackage from 0000000000000000000000000000000000000000000000000000000000000002
[c582f103d30ca7de75a54736f3e7093a] DKGStep2: Server computing shares...
[c582f103d30ca7de75a54736f3e7093a] DKGStep3: Received Shares from 0000000000000000000000000000000000000000000000000000000000000001
[c582f103d30ca7de75a54736f3e7093a] DKGStep3: Received Shares from 0000000000000000000000000000000000000000000000000000000000000002
[c582f103d30ca7de75a54736f3e7093a] DKGStep3: Server computing KeyPackage...
[Server] DKG1 Pkg for 1: Coeff[0]=15971643780251039326575173698784573806485993912053857080039206982802274064908 39537605256157515490133114497434718807839198132845760252221998555061053307768
[Server] DKG1 Pkg for 2: Coeff[0]=107493507662915406849338298879549661016156131763220037569045550214031675853779 73767721209553384285284807459001310202762134468109900828870280791993025234456
[Server] DKG1 Pkg for 3: Coeff[0]=66801512794819146625743781283255434034223178598379662393589963702797784762367 70904316919450584527415126786717104395126235415743551151900463735628638428714
[c582f103d30ca7de75a54736f3e7093a] DKG Complete. PK: (67587222008199775071524907754827485926486561682530298509804047347002227527624,2014152458098367613459607957767510857022666148714236692723844583943326008766)
[c582f103d30ca7de75a54736f3e7093a] SignStep1: Received from 0000000000000000000000000000000000000000000000000000000000000002
[c582f103d30ca7de75a54736f3e7093a] SignStep1: Server generating commitments...
[c582f103d30ca7de75a54736f3e7093a] SignStep2: Received from 0000000000000000000000000000000000000000000000000000000000000002
[c582f103d30ca7de75a54736f3e7093a] SignStep2: Server computing share...
DEBUG: Share for ID 2 VALID
DEBUG: Share for ID 3 VALID
[c582f103d30ca7de75a54736f3e7093a] SignStep2: Aggregated.
DEBUG: Z: 92906720180515768930143219941322368201597953988176340083083795864069328413798
DEBUG: R: 6981636067371703773606244070554489381261143736157342093233692231227000299090 67095577185398889500628549736185683764822817629556792056040221068206423049399
New Session Created: fde9738d4ed44dfa3e30aae3186ae056
[fde9738d4ed44dfa3e30aae3186ae056] DKGStep1: Received PubPackage from 0000000000000000000000000000000000000000000000000000000000000001
[fde9738d4ed44dfa3e30aae3186ae056] Server: Generating DKG secrets...
[fde9738d4ed44dfa3e30aae3186ae056] DKGStep1: Received PubPackage from 0000000000000000000000000000000000000000000000000000000000000002
[fde9738d4ed44dfa3e30aae3186ae056] DKGStep2: Server computing shares...
[fde9738d4ed44dfa3e30aae3186ae056] DKGStep3: Received Shares from 0000000000000000000000000000000000000000000000000000000000000001
[fde9738d4ed44dfa3e30aae3186ae056] DKGStep3: Received Shares from 0000000000000000000000000000000000000000000000000000000000000002
[fde9738d4ed44dfa3e30aae3186ae056] DKGStep3: Server computing KeyPackage...
[Server] DKG1 Pkg for 1: Coeff[0]=50895159730393397622648276955458818657693437989647201105008934358263472081873 66035920825481355888611367245331082306074750212971811138649089651521629413663
[Server] DKG1 Pkg for 2: Coeff[0]=80653691009725527873817677166064696802443348384712893565914483343284915612918 9662407778829365342796395120841893113220138400578862305680088496065773340187
[Server] DKG1 Pkg for 3: Coeff[0]=46826376082422978022972515349809726025091922205640402072068689717808453068890 5971090686271107797088197111249444602151244495876713635087116750756701860455
[fde9738d4ed44dfa3e30aae3186ae056] DKG Complete. PK: (3582918188793469453894492189936028390242232993622986681932352796291885052744,60672605842829091710066698874623907420895637003647079285114582756237489394013)
[fde9738d4ed44dfa3e30aae3186ae056] SignStep1: Received from 0000000000000000000000000000000000000000000000000000000000000002
[fde9738d4ed44dfa3e30aae3186ae056] SignStep1: Server generating commitments...
[fde9738d4ed44dfa3e30aae3186ae056] SignStep2: Received from 0000000000000000000000000000000000000000000000000000000000000002
[fde9738d4ed44dfa3e30aae3186ae056] SignStep2: Server computing share...
DEBUG: Share for ID 2 VALID
DEBUG: Share for ID 3 VALID
[fde9738d4ed44dfa3e30aae3186ae056] SignStep2: Aggregated.
DEBUG: Z: 57918469134904407683283450105335850099042195966190261788221649438654723364942
DEBUG: R: 39628894390286504568713224306528744189876347737741882319071074979631175219401 37225837649704301806156976318529031305188426134599326922758593218197580036844
New Session Created: cc81386a0cd0265446b2459d4d2fdc6e
[cc81386a0cd0265446b2459d4d2fdc6e] DKGStep1: Received PubPackage from 0000000000000000000000000000000000000000000000000000000000000001
[cc81386a0cd0265446b2459d4d2fdc6e] Server: Generating DKG secrets...
[cc81386a0cd0265446b2459d4d2fdc6e] DKGStep1: Received PubPackage from 0000000000000000000000000000000000000000000000000000000000000002
[cc81386a0cd0265446b2459d4d2fdc6e] DKGStep2: Server computing shares...
[cc81386a0cd0265446b2459d4d2fdc6e] DKGStep3: Received Shares from 0000000000000000000000000000000000000000000000000000000000000001
[cc81386a0cd0265446b2459d4d2fdc6e] DKGStep3: Received Shares from 0000000000000000000000000000000000000000000000000000000000000002
[cc81386a0cd0265446b2459d4d2fdc6e] DKGStep3: Server computing KeyPackage...
[Server] DKG1 Pkg for 1: Coeff[0]=47887790172910793266545056162111835654708399741225643337532269792497067936975 18091146599734494064265036483638131639840249985150989784224579234113357385131
[Server] DKG1 Pkg for 2: Coeff[0]=56087396529513541960996903452625438786752161399563448730141588892842393585629 15999643190416711007622441361979876980472558882906532919125899360300118730022
[Server] DKG1 Pkg for 3: Coeff[0]=24571277790469506445246130376659373471135737221987798138830493654598667942378 29362721664010793536889818857162903185854486670749639551665303137216069065830
[cc81386a0cd0265446b2459d4d2fdc6e] DKG Complete. PK: (1050588701497785282061548240014656546242415036412047897626195296782880312670,94992820748796511476854472103241340050250385350488762112895141629173815868662)
[cc81386a0cd0265446b2459d4d2fdc6e] SignStep1: Received from 0000000000000000000000000000000000000000000000000000000000000002
[cc81386a0cd0265446b2459d4d2fdc6e] SignStep1: Server generating commitments...
[cc81386a0cd0265446b2459d4d2fdc6e] SignStep2: Received from 0000000000000000000000000000000000000000000000000000000000000002
[cc81386a0cd0265446b2459d4d2fdc6e] SignStep2: Server computing share...
DEBUG: Share for ID 2 VALID
DEBUG: Share for ID 3 VALID
[cc81386a0cd0265446b2459d4d2fdc6e] SignStep2: Aggregated.
DEBUG: Z: 78377025247105989021070974436542256271032581177104246168636640450682289823109
DEBUG: R: 68196528050762536772853307430343562941977861039238987683588031931963894434766 71302370970042042089790770371730700655611813076318225334914526456579250788964
New Session Created: 2f4c8e97c61b8bf03855ad90685772a5
[2f4c8e97c61b8bf03855ad90685772a5] DKGStep1: Received PubPackage from 0000000000000000000000000000000000000000000000000000000000000001
[2f4c8e97c61b8bf03855ad90685772a5] Server: Generating DKG secrets...
[2f4c8e97c61b8bf03855ad90685772a5] DKGStep1: Received PubPackage from 0000000000000000000000000000000000000000000000000000000000000002
[2f4c8e97c61b8bf03855ad90685772a5] DKGStep2: Server computing shares...
[2f4c8e97c61b8bf03855ad90685772a5] DKGStep3: Received Shares from 0000000000000000000000000000000000000000000000000000000000000001
[2f4c8e97c61b8bf03855ad90685772a5] DKGStep3: Received Shares from 0000000000000000000000000000000000000000000000000000000000000002
[2f4c8e97c61b8bf03855ad90685772a5] DKGStep3: Server computing KeyPackage...
[Server] DKG1 Pkg for 1: Coeff[0]=110710105573138131500747224186625216945390535852964436924518532348939482491617 60349453215390575099741645529963339020279689481122859606408305262372171085916
[Server] DKG1 Pkg for 2: Coeff[0]=48182943890357772050272451925777261958477184688346720256728934984337468483995 11081788289349276300936350696689024681154258284910394538332759745991223527950
[Server] DKG1 Pkg for 3: Coeff[0]=16942398497960690850255732426546037671100364223417491500288096411247661354409 42307012505765514496418391838237739416794035130125818771294958645843778623808
[2f4c8e97c61b8bf03855ad90685772a5] DKG Complete. PK: (40112931340639977680875091067706412265103411641998465710398153434002147862847,47509223030803620824247062988528972847573093915475851156782684714483742152097)
[2f4c8e97c61b8bf03855ad90685772a5] SignStep1: Received from 0000000000000000000000000000000000000000000000000000000000000002
[2f4c8e97c61b8bf03855ad90685772a5] SignStep1: Server generating commitments...
[2f4c8e97c61b8bf03855ad90685772a5] SignStep2: Received from 0000000000000000000000000000000000000000000000000000000000000002
[2f4c8e97c61b8bf03855ad90685772a5] SignStep2: Server computing share...
DEBUG: Share for ID 2 VALID
DEBUG: Share for ID 3 VALID
[2f4c8e97c61b8bf03855ad90685772a5] SignStep2: Aggregated.
DEBUG: Z: 42197048454960311259018758435500898006099964303515036740475924031116208978293
DEBUG: R: 10645763467680717631854036991256867204997980267065987453748229323931330141355 3612893446834040880759591599449028012254018457034733435269898747899178290686
New Session Created: 305a0ee4378eca804da93bce5e02bdb6
[305a0ee4378eca804da93bce5e02bdb6] DKGStep1: Received PubPackage from 0000000000000000000000000000000000000000000000000000000000000001
[305a0ee4378eca804da93bce5e02bdb6] Server: Generating DKG secrets...
[305a0ee4378eca804da93bce5e02bdb6] DKGStep1: Received PubPackage from 0000000000000000000000000000000000000000000000000000000000000002
[305a0ee4378eca804da93bce5e02bdb6] DKGStep2: Server computing shares...
[305a0ee4378eca804da93bce5e02bdb6] DKGStep3: Received Shares from 0000000000000000000000000000000000000000000000000000000000000001
[305a0ee4378eca804da93bce5e02bdb6] DKGStep3: Received Shares from 0000000000000000000000000000000000000000000000000000000000000002
[305a0ee4378eca804da93bce5e02bdb6] DKGStep3: Server computing KeyPackage...
[Server] DKG1 Pkg for 1: Coeff[0]=109180697992352734272209479002082742806003433643516312137311597800619760052998 18065876267528286194980363576799777638090965043132449803437132324980870742252
[Server] DKG1 Pkg for 2: Coeff[0]=36400608495354022953624555562026598429334241993621673182691344479003261198003 95785087961279970547379303183514775535241586115019727095602725755796585198869
[Server] DKG1 Pkg for 3: Coeff[0]=95925739968291495664591377973513668641933474097182962684240837261255570553902 41983260735842157695369122134275875004612955745436992368559567599459066147121
[305a0ee4378eca804da93bce5e02bdb6] DKG Complete. PK: (35864366588944169367450404147113379507785231268910201206750641286130993643821,27132450454107387446504136177852871472099492042144623184519839609169635603666)
[305a0ee4378eca804da93bce5e02bdb6] SignStep1: Received from 0000000000000000000000000000000000000000000000000000000000000002
[305a0ee4378eca804da93bce5e02bdb6] SignStep1: Server generating commitments...
[305a0ee4378eca804da93bce5e02bdb6] SignStep2: Received from 0000000000000000000000000000000000000000000000000000000000000002
[305a0ee4378eca804da93bce5e02bdb6] SignStep2: Server computing share...
DEBUG: Share for ID 2 VALID
DEBUG: Share for ID 3 VALID
[305a0ee4378eca804da93bce5e02bdb6] SignStep2: Aggregated.
DEBUG: Z: 54979495508446187287096031765941572504373367857624730412740463512788400360205
DEBUG: R: 6809490688001594478704240149891953968483326206456768243389639292652319942940 74288100582955627320106964967547469443065163349926069930985372041534150538453
New Session Created: 101a6e57bcb73bec586dbfa3dbf9ee75
[101a6e57bcb73bec586dbfa3dbf9ee75] DKGStep1: Received PubPackage from 0000000000000000000000000000000000000000000000000000000000000001
[101a6e57bcb73bec586dbfa3dbf9ee75] Server: Generating DKG secrets...
[101a6e57bcb73bec586dbfa3dbf9ee75] DKGStep1: Received PubPackage from 0000000000000000000000000000000000000000000000000000000000000002
[101a6e57bcb73bec586dbfa3dbf9ee75] DKGStep2: Server computing shares...
[101a6e57bcb73bec586dbfa3dbf9ee75] DKGStep3: Received Shares from 0000000000000000000000000000000000000000000000000000000000000001
[101a6e57bcb73bec586dbfa3dbf9ee75] DKGStep3: Received Shares from 0000000000000000000000000000000000000000000000000000000000000002
[101a6e57bcb73bec586dbfa3dbf9ee75] DKGStep3: Server computing KeyPackage...
[Server] DKG1 Pkg for 1: Coeff[0]=106286490880961124426073359674176868797101041757604490305146815072788425113149 44893292854562847556773476011824500669510600159076801770209369743447769648469
[Server] DKG1 Pkg for 2: Coeff[0]=95825663691972160282308987841467594871556850152679720476477285732302330514582 67754894737102406894901176326699918701759398197836962845309859487422155928902
[Server] DKG1 Pkg for 3: Coeff[0]=60217829136583648525546570875118726111952095363994648383314857050861366900117 10890528805580350712492665173298141132287341081961838881897034628088531888569
[101a6e57bcb73bec586dbfa3dbf9ee75] DKG Complete. PK: (33539372054092581126821138523261699135294182279900030965587863043964569044638,87747913495268020644414176027422549384291893488205728682216622793138250368932)
[101a6e57bcb73bec586dbfa3dbf9ee75] SignStep1: Received from 0000000000000000000000000000000000000000000000000000000000000002
[101a6e57bcb73bec586dbfa3dbf9ee75] SignStep1: Server generating commitments...
[101a6e57bcb73bec586dbfa3dbf9ee75] SignStep2: Received from 0000000000000000000000000000000000000000000000000000000000000002
[101a6e57bcb73bec586dbfa3dbf9ee75] SignStep2: Server computing share...
DEBUG: Share for ID 2 VALID
DEBUG: Share for ID 3 VALID
[101a6e57bcb73bec586dbfa3dbf9ee75] SignStep2: Aggregated.
DEBUG: Z: 48094951914948140028724686088122718464572127800115974115291658291420356084989
DEBUG: R: 44568258440345746057277920072620289044413351826342292408248516064408625839265 103537519137736940627710180913860992696181438660594821806224677051758797267097
New Session Created: bf18d10a26ba8bb9b7b377f2434d9c9e
[bf18d10a26ba8bb9b7b377f2434d9c9e] DKGStep1: Received PubPackage from 0000000000000000000000000000000000000000000000000000000000000001
[bf18d10a26ba8bb9b7b377f2434d9c9e] Server: Generating DKG secrets...
[bf18d10a26ba8bb9b7b377f2434d9c9e] DKGStep1: Received PubPackage from 0000000000000000000000000000000000000000000000000000000000000002
[bf18d10a26ba8bb9b7b377f2434d9c9e] DKGStep2: Server computing shares...
[bf18d10a26ba8bb9b7b377f2434d9c9e] DKGStep3: Received Shares from 0000000000000000000000000000000000000000000000000000000000000001
[bf18d10a26ba8bb9b7b377f2434d9c9e] DKGStep3: Received Shares from 0000000000000000000000000000000000000000000000000000000000000002
[bf18d10a26ba8bb9b7b377f2434d9c9e] DKGStep3: Server computing KeyPackage...
[Server] DKG1 Pkg for 1: Coeff[0]=31206602268348788617265224641907440117193519560266471424462074538865200043000 58517905589297864952920713473035623640039672982587026516812311661147809299248
[Server] DKG1 Pkg for 2: Coeff[0]=53903529737646685962556097293475131664926686282232832665619516102635549473252 78108364480463985600575981074226722831862552187821811220681314444862229044792
[Server] DKG1 Pkg for 3: Coeff[0]=4829587974063380914522745826706047789562294468718957905337320614309595850266 60550210036746804426160040805222265250855308713979147309856607893794835242673
[bf18d10a26ba8bb9b7b377f2434d9c9e] DKG Complete. PK: (13337286105781243131303160914876924427221185509078460008300910272087607075144,18761235756420115769989211573683063321595872966350922453172812600962660603015)
[bf18d10a26ba8bb9b7b377f2434d9c9e] SignStep1: Received from 0000000000000000000000000000000000000000000000000000000000000002
[bf18d10a26ba8bb9b7b377f2434d9c9e] SignStep1: Server generating commitments...
[bf18d10a26ba8bb9b7b377f2434d9c9e] SignStep2: Received from 0000000000000000000000000000000000000000000000000000000000000002
[bf18d10a26ba8bb9b7b377f2434d9c9e] SignStep2: Server computing share...
DEBUG: Share for ID 2 VALID
DEBUG: Share for ID 3 VALID
[bf18d10a26ba8bb9b7b377f2434d9c9e] SignStep2: Aggregated.
DEBUG: Z: 95998139916799871797450473103870202924044873679321933692014948823301617524742
DEBUG: R: 9583360830817083948612736187098506990868317498771580571046929502276466671739 14323848144874221031243755046819120156887445976289035362515751166562902830709
New Session Created: 3f6545f0c500e1cefa17de49e32110b1
[3f6545f0c500e1cefa17de49e32110b1] DKGStep1: Received PubPackage from 0000000000000000000000000000000000000000000000000000000000000001
[3f6545f0c500e1cefa17de49e32110b1] Server: Generating DKG secrets...
[3f6545f0c500e1cefa17de49e32110b1] DKGStep1: Received PubPackage from 0000000000000000000000000000000000000000000000000000000000000002
[3f6545f0c500e1cefa17de49e32110b1] DKGStep2: Server computing shares...
[3f6545f0c500e1cefa17de49e32110b1] DKGStep3: Received Shares from 0000000000000000000000000000000000000000000000000000000000000001
[3f6545f0c500e1cefa17de49e32110b1] DKGStep3: Received Shares from 0000000000000000000000000000000000000000000000000000000000000002
[3f6545f0c500e1cefa17de49e32110b1] DKGStep3: Server computing KeyPackage...
[Server] DKG1 Pkg for 1: Coeff[0]=60952710236866118258269003899670766056524765911668038431470578318022027160650 107009775073258168779931742789943665217834050334664978314887059790247837367550
[Server] DKG1 Pkg for 2: Coeff[0]=76711454025519602610255192340970815785449737804658152603536806067038466698533 4203512530365812343343472400180793638277765472916822802917355001471643394017
[Server] DKG1 Pkg for 3: Coeff[0]=11163808177764707751557001542535388612130077335980937118269937053768882681342 39206519080366336349929899545533466715486803818919170664663557004683521842328
[3f6545f0c500e1cefa17de49e32110b1] DKG Complete. PK: (80658212510159639319746884472214816448174052436781810162621334089302151693219,5577896259021554895194399058371183557421254767275977786738420084148093877196)
[3f6545f0c500e1cefa17de49e32110b1] SignStep1: Received from 0000000000000000000000000000000000000000000000000000000000000002
[3f6545f0c500e1cefa17de49e32110b1] SignStep1: Server generating commitments...
[3f6545f0c500e1cefa17de49e32110b1] SignStep2: Received from 0000000000000000000000000000000000000000000000000000000000000002
[3f6545f0c500e1cefa17de49e32110b1] SignStep2: Server computing share...
DEBUG: Share for ID 2 VALID
DEBUG: Share for ID 3 VALID
[3f6545f0c500e1cefa17de49e32110b1] SignStep2: Aggregated.
DEBUG: Z: 56472145894744829892758889777296626626211042961287660611982924073123182544724
DEBUG: R: 36875816416182260530093223053284570917325969449245259617125222695136905809996 99146967029169177752360402932923224107137103973561781563282681939410960582390
New Session Created: 5c643609105f0fe4d3c6e016bcb7d1ae
[5c643609105f0fe4d3c6e016bcb7d1ae] DKGStep1: Received PubPackage from 0000000000000000000000000000000000000000000000000000000000000001
[5c643609105f0fe4d3c6e016bcb7d1ae] Server: Generating DKG secrets...
[5c643609105f0fe4d3c6e016bcb7d1ae] DKGStep1: Received PubPackage from 0000000000000000000000000000000000000000000000000000000000000002
[5c643609105f0fe4d3c6e016bcb7d1ae] DKGStep2: Server computing shares...
[5c643609105f0fe4d3c6e016bcb7d1ae] DKGStep3: Received Shares from 0000000000000000000000000000000000000000000000000000000000000001
[5c643609105f0fe4d3c6e016bcb7d1ae] DKGStep3: Received Shares from 0000000000000000000000000000000000000000000000000000000000000002
[5c643609105f0fe4d3c6e016bcb7d1ae] DKGStep3: Server computing KeyPackage...
[Server] DKG1 Pkg for 1: Coeff[0]=74968666527413836064880533980905553265504825938423358521131760556951277693424 10802719722886310737539279516179359238157217223358756788967385936144788810019
[Server] DKG1 Pkg for 2: Coeff[0]=47088950896083362874281485334302095343303363851416387374796889202441497050034 65567463048155644246262359117548473120618060241759873524918424691266820631976
[Server] DKG1 Pkg for 3: Coeff[0]=57307549804287288781280984475525889757651647708912661669612000973541315010273 52625512958069029989081195681568781073243208202073721994862141139685837647518
[5c643609105f0fe4d3c6e016bcb7d1ae] DKG Complete. PK: (93460600805954974076974543878022023891344728912304642186992163619644761749126,69886302019732123654791300579354385559667548189658126925547774439699282202897)
[5c643609105f0fe4d3c6e016bcb7d1ae] SignStep1: Received from 0000000000000000000000000000000000000000000000000000000000000002
[5c643609105f0fe4d3c6e016bcb7d1ae] SignStep1: Server generating commitments...
[5c643609105f0fe4d3c6e016bcb7d1ae] SignStep2: Received from 0000000000000000000000000000000000000000000000000000000000000002
[5c643609105f0fe4d3c6e016bcb7d1ae] SignStep2: Server computing share...
DEBUG: Share for ID 2 VALID
DEBUG: Share for ID 3 VALID
[5c643609105f0fe4d3c6e016bcb7d1ae] SignStep2: Aggregated.
DEBUG: Z: 81816086770001779718060656681837448414924045787688159512398935058186524869073
DEBUG: R: 10810458283707866153017847321659482502850560176240181272441919442718530379101 113666482480955119620692540421611084460513968689861099669602152926397503762561
New Session Created: e1322b7863e9f4d9340b320ae2b1e947
[e1322b7863e9f4d9340b320ae2b1e947] DKGStep1: Received PubPackage from 0000000000000000000000000000000000000000000000000000000000000001
[e1322b7863e9f4d9340b320ae2b1e947] Server: Generating DKG secrets...
[e1322b7863e9f4d9340b320ae2b1e947] DKGStep1: Received PubPackage from 0000000000000000000000000000000000000000000000000000000000000002
[e1322b7863e9f4d9340b320ae2b1e947] DKGStep2: Server computing shares...
[e1322b7863e9f4d9340b320ae2b1e947] DKGStep3: Received Shares from 0000000000000000000000000000000000000000000000000000000000000001
[e1322b7863e9f4d9340b320ae2b1e947] DKGStep3: Received Shares from 0000000000000000000000000000000000000000000000000000000000000002
[e1322b7863e9f4d9340b320ae2b1e947] DKGStep3: Server computing KeyPackage...
[Server] DKG1 Pkg for 1: Coeff[0]=113544451946785318532457593431089330690172946491956587511570474074596848461347 5025245644733126058716097494051855817651027796145830224660935683604773170265
[Server] DKG1 Pkg for 2: Coeff[0]=108980432355926579548549009212261376000984579656134559385457871433204280419426 3152208090815588547647444968122526253835189077492680019861780051323260957443
[Server] DKG1 Pkg for 3: Coeff[0]=52376485917338149658149762105431685934856022749568519034725394520081615190457 72029785901369809148171735218789978326351472049649326691876166177542216595984
[e1322b7863e9f4d9340b320ae2b1e947] DKG Complete. PK: (91166441174862345162910297980441630779914008599942380251992108309746689011017,65293513841281919479438737793958645231164466117345261922329989352835987854557)
[e1322b7863e9f4d9340b320ae2b1e947] SignStep1: Received from 0000000000000000000000000000000000000000000000000000000000000002
[e1322b7863e9f4d9340b320ae2b1e947] SignStep1: Server generating commitments...
[e1322b7863e9f4d9340b320ae2b1e947] SignStep2: Received from 0000000000000000000000000000000000000000000000000000000000000002
[e1322b7863e9f4d9340b320ae2b1e947] SignStep2: Server computing share...
DEBUG: Share for ID 2 VALID
DEBUG: Share for ID 3 VALID
[e1322b7863e9f4d9340b320ae2b1e947] SignStep2: Aggregated.
DEBUG: Z: 108577799955036312113511498096835121706162115674352227049757115745766802320147
DEBUG: R: 63624278562164798492512729459679695565522390430432601553311383133262151134296 110287706493244590860029466695784971503055500902601840284338210348657535903886
New Session Created: 4e9c0576e3a8312c7d1575f3a964dbb9
[4e9c0576e3a8312c7d1575f3a964dbb9] DKGStep1: Received PubPackage from 0000000000000000000000000000000000000000000000000000000000000001
[4e9c0576e3a8312c7d1575f3a964dbb9] Server: Generating DKG secrets...
[4e9c0576e3a8312c7d1575f3a964dbb9] DKGStep1: Received PubPackage from 0000000000000000000000000000000000000000000000000000000000000002
[4e9c0576e3a8312c7d1575f3a964dbb9] DKGStep2: Server computing shares...
[4e9c0576e3a8312c7d1575f3a964dbb9] DKGStep3: Received Shares from 0000000000000000000000000000000000000000000000000000000000000001
[4e9c0576e3a8312c7d1575f3a964dbb9] DKGStep3: Received Shares from 0000000000000000000000000000000000000000000000000000000000000002
[4e9c0576e3a8312c7d1575f3a964dbb9] DKGStep3: Server computing KeyPackage...
[Server] DKG1 Pkg for 1: Coeff[0]=85646164248734023642345057401558348609850127250770531049208637793972659974067 52845939158187644922043916348151246389564777949195534971052495855396670442450
[Server] DKG1 Pkg for 2: Coeff[0]=74234120978381416201848352925106064691088110304031233462321265171088766608254 35591158625850287291372751824300077033101691093873473776828950701316881318156
[Server] DKG1 Pkg for 3: Coeff[0]=16261300665086590969640596622127148271394918603036992960991137420330231651532 4964401860809414225236943334334951912969888233613753679596941132342080445573
[4e9c0576e3a8312c7d1575f3a964dbb9] DKG Complete. PK: (31378877728597102557419540024521014862261619384271818450445569340171703325241,93944594629735726749394827778069872864870793259744133904839145067511984622778)
[4e9c0576e3a8312c7d1575f3a964dbb9] SignStep1: Received from 0000000000000000000000000000000000000000000000000000000000000002
[4e9c0576e3a8312c7d1575f3a964dbb9] SignStep1: Server generating commitments...
[4e9c0576e3a8312c7d1575f3a964dbb9] SignStep2: Received from 0000000000000000000000000000000000000000000000000000000000000002
[4e9c0576e3a8312c7d1575f3a964dbb9] SignStep2: Server computing share...
DEBUG: Share for ID 2 VALID
DEBUG: Share for ID 3 VALID
[4e9c0576e3a8312c7d1575f3a964dbb9] SignStep2: Aggregated.
DEBUG: Z: 30415914053749280527643965401032286201801594374766402631162702501965684691749
DEBUG: R: 37811295106173952834759941935848291540347938622769413013941728776705696188063 82724087132777484834673850871007781869372831000901623874351832574017231386413
New Session Created: 5dde06170291a8d555a02381a932f529
[5dde06170291a8d555a02381a932f529] DKGStep1: Received PubPackage from 0000000000000000000000000000000000000000000000000000000000000001
[5dde06170291a8d555a02381a932f529] Server: Generating DKG secrets...
[5dde06170291a8d555a02381a932f529] DKGStep1: Received PubPackage from 0000000000000000000000000000000000000000000000000000000000000002
[5dde06170291a8d555a02381a932f529] DKGStep2: Server computing shares...
[5dde06170291a8d555a02381a932f529] DKGStep3: Received Shares from 0000000000000000000000000000000000000000000000000000000000000001
[5dde06170291a8d555a02381a932f529] DKGStep3: Received Shares from 0000000000000000000000000000000000000000000000000000000000000002
[5dde06170291a8d555a02381a932f529] DKGStep3: Server computing KeyPackage...
[Server] DKG1 Pkg for 1: Coeff[0]=81011339238566270242974237339633630693736455147449494810787611308718822459485 79900626561026546927739218275630539652409885467170302708978479709927341631919
[Server] DKG1 Pkg for 2: Coeff[0]=50932982736880148871176463270491337616245806032761973341992395870669125085089 79506543198416744947365830246532080189282209093027653644338344952306555370350
[Server] DKG1 Pkg for 3: Coeff[0]=35613860038861474368973673895965106176832429999384324837594780480812097276045 13789147601820735356993054950341718498774048521931750853909003722958551461687
[5dde06170291a8d555a02381a932f529] DKG Complete. PK: (85674009998296597380361835477852445167714391214507231390775202108281159495259,75251003509202248657206813423762570908625267928159358009589153503216412095376)
[5dde06170291a8d555a02381a932f529] SignStep1: Received from 0000000000000000000000000000000000000000000000000000000000000002
[5dde06170291a8d555a02381a932f529] SignStep1: Server generating commitments...
[5dde06170291a8d555a02381a932f529] SignStep2: Received from 0000000000000000000000000000000000000000000000000000000000000002
[5dde06170291a8d555a02381a932f529] SignStep2: Server computing share...
DEBUG: Share for ID 2 VALID
DEBUG: Share for ID 3 VALID
[5dde06170291a8d555a02381a932f529] SignStep2: Aggregated.
DEBUG: Z: 55590992238610792900154980734003892348808256274304764445299212638920327159001
DEBUG: R: 81753983042266402699713639591962035817628336468915193911896702053498239203492 50109807025466084772506493348025488162378137998400207208922773232560239004813
New Session Created: 1321133c89e53234fea515e2e318baac
[1321133c89e53234fea515e2e318baac] DKGStep1: Received PubPackage from 0000000000000000000000000000000000000000000000000000000000000001
[1321133c89e53234fea515e2e318baac] Server: Generating DKG secrets...
[1321133c89e53234fea515e2e318baac] DKGStep1: Received PubPackage from 0000000000000000000000000000000000000000000000000000000000000002
[1321133c89e53234fea515e2e318baac] DKGStep2: Server computing shares...
[1321133c89e53234fea515e2e318baac] DKGStep3: Received Shares from 0000000000000000000000000000000000000000000000000000000000000001
[1321133c89e53234fea515e2e318baac] DKGStep3: Received Shares from 0000000000000000000000000000000000000000000000000000000000000002
[1321133c89e53234fea515e2e318baac] DKGStep3: Server computing KeyPackage...
[Server] DKG1 Pkg for 1: Coeff[0]=40152261092156805188735619660033840783600622839427392852890579676696145495934 97589240836222044863587057862615318769703633604670294164519864324914882410577
[Server] DKG1 Pkg for 2: Coeff[0]=3721013684828509305797001137918001657534198778087450677485208004280570978905 51110802504887261509585572220469744358592051927295248296752796124774069770236
[Server] DKG1 Pkg for 3: Coeff[0]=49232008779748934442051967565862297032749365840771786252788806200955315863945 20553929184144683013111259988546508183400189103030117860018523682138778020655
[1321133c89e53234fea515e2e318baac] DKG Complete. PK: (29489900378329343483067214438642716841751726155094926370872877602606196270385,95388850974415481373968978235761666603638573763778271215021872489959365978799)
[1321133c89e53234fea515e2e318baac] SignStep1: Received from 0000000000000000000000000000000000000000000000000000000000000002
[1321133c89e53234fea515e2e318baac] SignStep1: Server generating commitments...
[1321133c89e53234fea515e2e318baac] SignStep2: Received from 0000000000000000000000000000000000000000000000000000000000000002
[1321133c89e53234fea515e2e318baac] SignStep2: Server computing share...
DEBUG: Share for ID 2 VALID
DEBUG: Share for ID 3 VALID
[1321133c89e53234fea515e2e318baac] SignStep2: Aggregated.
DEBUG: Z: 95550867963345803096007262004804776403908828580930613059910014421969553354949
DEBUG: R: 24555305496966768236273108628865169114682633587998462369460930031039150518877 85586982301531732150587440399625033873513713230867406926841278727816875294277
New Session Created: 11d766f0900e4abc5d26898e2ff62838
[11d766f0900e4abc5d26898e2ff62838] DKGStep1: Received PubPackage from 0000000000000000000000000000000000000000000000000000000000000001
[11d766f0900e4abc5d26898e2ff62838] Server: Generating DKG secrets...
[11d766f0900e4abc5d26898e2ff62838] DKGStep1: Received PubPackage from 0000000000000000000000000000000000000000000000000000000000000002
[11d766f0900e4abc5d26898e2ff62838] DKGStep2: Server computing shares...
[11d766f0900e4abc5d26898e2ff62838] DKGStep3: Received Shares from 0000000000000000000000000000000000000000000000000000000000000001
[11d766f0900e4abc5d26898e2ff62838] DKGStep3: Received Shares from 0000000000000000000000000000000000000000000000000000000000000002
[11d766f0900e4abc5d26898e2ff62838] DKGStep3: Server computing KeyPackage...
[Server] DKG1 Pkg for 1: Coeff[0]=63263794249126980568539749779498953589547845316219418479206661611227380344368 4768215069295364351182569605758358820640422642804682412149087105457228672894
[Server] DKG1 Pkg for 2: Coeff[0]=35418191038243859483473963548949376935708611406780961008456721930885595359362 15532072766156866056002024470568913790659111682819021038853463576053261673538
[Server] DKG1 Pkg for 3: Coeff[0]=54145316905707809161725127184010112331090083040026975875626128394057072283856 80648976654615992096580592981645858352335886902269715240739808016143074846665
[11d766f0900e4abc5d26898e2ff62838] DKG Complete. PK: (86690499221388311343697082553980926430198704408403050794403479233607159667720,24922439128616962030175418045122084157164724355655824806985283743674570234614)
[11d766f0900e4abc5d26898e2ff62838] SignStep1: Received from 0000000000000000000000000000000000000000000000000000000000000002
[11d766f0900e4abc5d26898e2ff62838] SignStep1: Server generating commitments...
[11d766f0900e4abc5d26898e2ff62838] SignStep2: Received from 0000000000000000000000000000000000000000000000000000000000000002
[11d766f0900e4abc5d26898e2ff62838] SignStep2: Server computing share...
DEBUG: Share for ID 2 VALID
DEBUG: Share for ID 3 VALID
[11d766f0900e4abc5d26898e2ff62838] SignStep2: Aggregated.
DEBUG: Z: 59753117116680500654411802201232514358510687012205493223155534423085558601211
DEBUG: R: 25518471347347893934301081790643210957124441716945800906865894486608596416367 42330574921194504140627173235375622290212186436858137070778150313877376153305
New Session Created: b4f3893db4fcc77522d37720ca0304ec
[b4f3893db4fcc77522d37720ca0304ec] DKGStep1: Received PubPackage from 0000000000000000000000000000000000000000000000000000000000000001
[b4f3893db4fcc77522d37720ca0304ec] Server: Generating DKG secrets...
[b4f3893db4fcc77522d37720ca0304ec] DKGStep1: Received PubPackage from 0000000000000000000000000000000000000000000000000000000000000002
[b4f3893db4fcc77522d37720ca0304ec] DKGStep2: Server computing shares...
[b4f3893db4fcc77522d37720ca0304ec] DKGStep3: Received Shares from 0000000000000000000000000000000000000000000000000000000000000001
[b4f3893db4fcc77522d37720ca0304ec] DKGStep3: Received Shares from 0000000000000000000000000000000000000000000000000000000000000002
[b4f3893db4fcc77522d37720ca0304ec] DKGStep3: Server computing KeyPackage...
[Server] DKG1 Pkg for 1: Coeff[0]=29966043891397486578791768718375836963893449512117153133444791510546153458533 53405134718193148722312145967873403707144059867108605940793324405868021256163
[Server] DKG1 Pkg for 2: Coeff[0]=44671313537589413973537659153288218910252079360818226336585026606836992705993 87279040948988302104115002819711851103177898459951841928888815215272163548561
[Server] DKG1 Pkg for 3: Coeff[0]=114872640810888077720021955087662667789583620895192589245630392623323788708930 40831144364120096899122876475247217473583718886056536968055611107616031033374
[b4f3893db4fcc77522d37720ca0304ec] DKG Complete. PK: (55187369951031914654586187579484629810635683651200151368015637513573836143867,36710985638140731615299330014245206728532121572661543779704897209424881738831)
[b4f3893db4fcc77522d37720ca0304ec] SignStep1: Received from 0000000000000000000000000000000000000000000000000000000000000002
[b4f3893db4fcc77522d37720ca0304ec] SignStep1: Server generating commitments...
[b4f3893db4fcc77522d37720ca0304ec] SignStep2: Received from 0000000000000000000000000000000000000000000000000000000000000002
[b4f3893db4fcc77522d37720ca0304ec] SignStep2: Server computing share...
DEBUG: Share for ID 2 VALID
DEBUG: Share for ID 3 VALID
[b4f3893db4fcc77522d37720ca0304ec] SignStep2: Aggregated.
DEBUG: Z: 112020273938179846237481312697128765267915307001353560276794569831365615137312
DEBUG: R: 99870199377953305391409271390997249116061094252713503466704414359003811037961 84977242906317860362776836222065336990365445799086628838580737566307764037034
New Session Created: 894add021d45714ed1e2b2cfdf4769a5
[894add021d45714ed1e2b2cfdf4769a5] DKGStep1: Received PubPackage from 0000000000000000000000000000000000000000000000000000000000000001
[894add021d45714ed1e2b2cfdf4769a5] Server: Generating DKG secrets...
[894add021d45714ed1e2b2cfdf4769a5] DKGStep1: Received PubPackage from 0000000000000000000000000000000000000000000000000000000000000002
[894add021d45714ed1e2b2cfdf4769a5] DKGStep2: Server computing shares...
[894add021d45714ed1e2b2cfdf4769a5] DKGStep3: Received Shares from 0000000000000000000000000000000000000000000000000000000000000001
[894add021d45714ed1e2b2cfdf4769a5] DKGStep3: Received Shares from 0000000000000000000000000000000000000000000000000000000000000002
[894add021d45714ed1e2b2cfdf4769a5] DKGStep3: Server computing KeyPackage...
[Server] DKG1 Pkg for 1: Coeff[0]=35240771148209111411076695452958539523609350080296179653524849700089640283260 23379359836665974289245863729109720205418923317100275944722743823169553839315
[Server] DKG1 Pkg for 2: Coeff[0]=106407328212941585530595051078997315803226275755460809700038406999128674658231 38012879934737628229429877783677370345119844455513663775619214676308273542795
[Server] DKG1 Pkg for 3: Coeff[0]=48378986182403836384536220206293891480753744965660873613910332245116262471569 88215356000786767845647477611607623007452760974164438003446121024759365032843
[894add021d45714ed1e2b2cfdf4769a5] DKG Complete. PK: (9470301741525047880543142174058654273745907559972291823653861013356111162394,1344813336092786975999844261558797866858552821193885675319929115714726201065)
[894add021d45714ed1e2b2cfdf4769a5] SignStep1: Received from 0000000000000000000000000000000000000000000000000000000000000002
[894add021d45714ed1e2b2cfdf4769a5] SignStep1: Server generating commitments...
[894add021d45714ed1e2b2cfdf4769a5] SignStep2: Received from 0000000000000000000000000000000000000000000000000000000000000002
[894add021d45714ed1e2b2cfdf4769a5] SignStep2: Server computing share...
DEBUG: Share for ID 2 VALID
DEBUG: Share for ID 3 VALID
[894add021d45714ed1e2b2cfdf4769a5] SignStep2: Aggregated.
DEBUG: Z: 110774817408514378139165947871840546355100100571611251447212018780648908398448
DEBUG: R: 46258495522038455332658681185120945580062368954769837092446860650374844109105 110042076415132782347215341827050138167002366749944963812275653236556250310299
